2019-06-10 15:08:04,596 ERROR: Exception on /edit [POST] [in d:\seriousblog\seriousblog\env\lib\site-packages\flask\app.py:1780]
Traceback (most recent call last):
  File "d:\seriousblog\seriousblog\env\lib\site-packages\sqlalchemy\engine\base.py", line 1244, in _execute_context
    cursor, statement, parameters, context
  File "d:\seriousblog\seriousblog\env\lib\site-packages\sqlalchemy\engine\default.py", line 550, in do_execute
    cursor.execute(statement, parameters)
sqlite3.IntegrityError: UNIQUE constraint failed: user.username

The above exception was the direct cause of the following exception:

Traceback (most recent call last):
  File "d:\seriousblog\seriousblog\env\lib\site-packages\flask\app.py", line 2311, in wsgi_app
    response = self.full_dispatch_request()
  File "d:\seriousblog\seriousblog\env\lib\site-packages\flask\app.py", line 1834, in full_dispatch_request
    rv = self.handle_user_exception(e)
  File "d:\seriousblog\seriousblog\env\lib\site-packages\flask\app.py", line 1737, in handle_user_exception
    reraise(exc_type, exc_value, tb)
  File "d:\seriousblog\seriousblog\env\lib\site-packages\flask\_compat.py", line 36, in reraise
    raise value
  File "d:\seriousblog\seriousblog\env\lib\site-packages\flask\app.py", line 1832, in full_dispatch_request
    rv = self.dispatch_request()
  File "d:\seriousblog\seriousblog\env\lib\site-packages\flask\app.py", line 1818, in dispatch_request
    return self.view_functions[rule.endpoint](**req.view_args)
  File "D:\SeriousBlog\SeriousBlog\app\routes.py", line 152, in edit
    db.session.commit()
  File "d:\seriousblog\seriousblog\env\lib\site-packages\sqlalchemy\orm\scoping.py", line 162, in do
    return getattr(self.registry(), name)(*args, **kwargs)
  File "d:\seriousblog\seriousblog\env\lib\site-packages\sqlalchemy\orm\session.py", line 1026, in commit
    self.transaction.commit()
  File "d:\seriousblog\seriousblog\env\lib\site-packages\sqlalchemy\orm\session.py", line 493, in commit
    self._prepare_impl()
  File "d:\seriousblog\seriousblog\env\lib\site-packages\sqlalchemy\orm\session.py", line 472, in _prepare_impl
    self.session.flush()
  File "d:\seriousblog\seriousblog\env\lib\site-packages\sqlalchemy\orm\session.py", line 2458, in flush
    self._flush(objects)
  File "d:\seriousblog\seriousblog\env\lib\site-packages\sqlalchemy\orm\session.py", line 2596, in _flush
    transaction.rollback(_capture_exception=True)
  File "d:\seriousblog\seriousblog\env\lib\site-packages\sqlalchemy\util\langhelpers.py", line 68, in __exit__
    compat.reraise(exc_type, exc_value, exc_tb)
  File "d:\seriousblog\seriousblog\env\lib\site-packages\sqlalchemy\util\compat.py", line 129, in reraise
    raise value
  File "d:\seriousblog\seriousblog\env\lib\site-packages\sqlalchemy\orm\session.py", line 2556, in _flush
    flush_context.execute()
  File "d:\seriousblog\seriousblog\env\lib\site-packages\sqlalchemy\orm\unitofwork.py", line 422, in execute
    rec.execute(self)
  File "d:\seriousblog\seriousblog\env\lib\site-packages\sqlalchemy\orm\unitofwork.py", line 589, in execute
    uow,
  File "d:\seriousblog\seriousblog\env\lib\site-packages\sqlalchemy\orm\persistence.py", line 236, in save_obj
    update,
  File "d:\seriousblog\seriousblog\env\lib\site-packages\sqlalchemy\orm\persistence.py", line 978, in _emit_update_statements
    statement, multiparams
  File "d:\seriousblog\seriousblog\env\lib\site-packages\sqlalchemy\engine\base.py", line 988, in execute
    return meth(self, multiparams, params)
  File "d:\seriousblog\seriousblog\env\lib\site-packages\sqlalchemy\sql\elements.py", line 287, in _execute_on_connection
    return connection._execute_clauseelement(self, multiparams, params)
  File "d:\seriousblog\seriousblog\env\lib\site-packages\sqlalchemy\engine\base.py", line 1107, in _execute_clauseelement
    distilled_params,
  File "d:\seriousblog\seriousblog\env\lib\site-packages\sqlalchemy\engine\base.py", line 1248, in _execute_context
    e, statement, parameters, cursor, context
  File "d:\seriousblog\seriousblog\env\lib\site-packages\sqlalchemy\engine\base.py", line 1466, in _handle_dbapi_exception
    util.raise_from_cause(sqlalchemy_exception, exc_info)
  File "d:\seriousblog\seriousblog\env\lib\site-packages\sqlalchemy\util\compat.py", line 383, in raise_from_cause
    reraise(type(exception), exception, tb=exc_tb, cause=cause)
  File "d:\seriousblog\seriousblog\env\lib\site-packages\sqlalchemy\util\compat.py", line 128, in reraise
    raise value.with_traceback(tb)
  File "d:\seriousblog\seriousblog\env\lib\site-packages\sqlalchemy\engine\base.py", line 1244, in _execute_context
    cursor, statement, parameters, context
  File "d:\seriousblog\seriousblog\env\lib\site-packages\sqlalchemy\engine\default.py", line 550, in do_execute
    cursor.execute(statement, parameters)
sqlalchemy.exc.IntegrityError: (sqlite3.IntegrityError) UNIQUE constraint failed: user.username
[SQL: UPDATE user SET username=?, about_me=? WHERE user.id = ?]
[parameters: ('Роберт Дауни младший', 'Где-то я его уже видел...', 1)]
(Background on this error at: http://sqlalche.me/e/gkpj)
2019-06-15 20:18:33,770 INFO: SeriousBlog started [in E:\MyFolder\MyProjects\SeriousBlog\app\__init__.py:51]
2019-06-15 20:46:39,756 INFO: SeriousBlog started [in E:\MyFolder\MyProjects\SeriousBlog\app\__init__.py:51]
2019-06-15 20:46:47,420 INFO: SeriousBlog started [in E:\MyFolder\MyProjects\SeriousBlog\app\__init__.py:51]
2019-06-16 21:52:30,733 INFO: SeriousBlog started [in E:\MyFolder\MyProjects\SeriousBlog\app\__init__.py:51]
2019-06-16 22:15:01,791 INFO: SeriousBlog started [in E:\MyFolder\MyProjects\SeriousBlog\app\__init__.py:51]
2019-06-17 21:56:10,541 INFO: SeriousBlog started [in E:\MyFolder\MyProjects\SeriousBlog\app\__init__.py:51]
2019-06-17 21:59:55,144 INFO: SeriousBlog started [in E:\MyFolder\MyProjects\SeriousBlog\app\__init__.py:51]
2019-06-17 23:09:43,792 INFO: SeriousBlog started [in E:\MyFolder\MyProjects\SeriousBlog\app\__init__.py:51]
2019-06-17 23:10:26,756 ERROR: Exception on /follow/Дмитрий Лыков [GET] [in E:\MyFolder\MyProjects\SeriousBlog\env\lib\site-packages\flask\app.py:1780]
Traceback (most recent call last):
  File "E:\MyFolder\MyProjects\SeriousBlog\env\lib\site-packages\flask\app.py", line 2311, in wsgi_app
    response = self.full_dispatch_request()
  File "E:\MyFolder\MyProjects\SeriousBlog\env\lib\site-packages\flask\app.py", line 1834, in full_dispatch_request
    rv = self.handle_user_exception(e)
  File "E:\MyFolder\MyProjects\SeriousBlog\env\lib\site-packages\flask\app.py", line 1737, in handle_user_exception
    reraise(exc_type, exc_value, tb)
  File "E:\MyFolder\MyProjects\SeriousBlog\env\lib\site-packages\flask\_compat.py", line 36, in reraise
    raise value
  File "E:\MyFolder\MyProjects\SeriousBlog\env\lib\site-packages\flask\app.py", line 1832, in full_dispatch_request
    rv = self.dispatch_request()
  File "E:\MyFolder\MyProjects\SeriousBlog\env\lib\site-packages\flask\app.py", line 1818, in dispatch_request
    return self.view_functions[rule.endpoint](**req.view_args)
  File "E:\MyFolder\MyProjects\SeriousBlog\env\lib\site-packages\flask_login\utils.py", line 261, in decorated_view
    return func(*args, **kwargs)
  File "E:\MyFolder\MyProjects\SeriousBlog\app\routes.py", line 175, in follow
    return redirect(url_for('me'), username=username)
  File "E:\MyFolder\MyProjects\SeriousBlog\env\lib\site-packages\flask\helpers.py", line 356, in url_for
    return appctx.app.handle_url_build_error(error, endpoint, values)
  File "E:\MyFolder\MyProjects\SeriousBlog\env\lib\site-packages\flask\app.py", line 2080, in handle_url_build_error
    reraise(exc_type, exc_value, tb)
  File "E:\MyFolder\MyProjects\SeriousBlog\env\lib\site-packages\flask\_compat.py", line 36, in reraise
    raise value
  File "E:\MyFolder\MyProjects\SeriousBlog\env\lib\site-packages\flask\helpers.py", line 345, in url_for
    force_external=external)
  File "E:\MyFolder\MyProjects\SeriousBlog\env\lib\site-packages\werkzeug\routing.py", line 2007, in build
    raise BuildError(endpoint, values, method, self)
werkzeug.routing.BuildError: Could not build url for endpoint 'me'. Did you forget to specify values ['username']?
2019-06-17 23:12:51,141 INFO: SeriousBlog started [in E:\MyFolder\MyProjects\SeriousBlog\app\__init__.py:51]
2019-06-17 23:12:52,218 INFO: SeriousBlog started [in E:\MyFolder\MyProjects\SeriousBlog\app\__init__.py:51]
2019-06-17 23:14:02,865 INFO: SeriousBlog started [in E:\MyFolder\MyProjects\SeriousBlog\app\__init__.py:51]
2019-06-17 23:14:03,874 INFO: SeriousBlog started [in E:\MyFolder\MyProjects\SeriousBlog\app\__init__.py:51]
2019-06-18 16:06:46,429 INFO: SeriousBlog started [in E:\MyFolder\MyProjects\SeriousBlog\app\__init__.py:51]
2019-06-18 16:06:47,657 INFO: SeriousBlog started [in E:\MyFolder\MyProjects\SeriousBlog\app\__init__.py:51]
2019-06-18 16:07:56,335 INFO: SeriousBlog started [in E:\MyFolder\MyProjects\SeriousBlog\app\__init__.py:51]
2019-06-18 16:15:04,379 INFO: SeriousBlog started [in E:\MyFolder\MyProjects\SeriousBlog\app\__init__.py:51]
2019-06-18 16:15:30,235 INFO: SeriousBlog started [in E:\MyFolder\MyProjects\SeriousBlog\app\__init__.py:51]
2019-06-18 16:15:31,296 INFO: SeriousBlog started [in E:\MyFolder\MyProjects\SeriousBlog\app\__init__.py:51]
2019-06-18 16:19:21,074 INFO: SeriousBlog started [in E:\MyFolder\MyProjects\SeriousBlog\app\__init__.py:51]
2019-06-18 16:22:21,047 INFO: SeriousBlog started [in E:\MyFolder\MyProjects\SeriousBlog\app\__init__.py:51]
2019-06-18 16:22:22,137 INFO: SeriousBlog started [in E:\MyFolder\MyProjects\SeriousBlog\app\__init__.py:51]
2019-06-18 16:27:52,885 INFO: SeriousBlog started [in E:\MyFolder\MyProjects\SeriousBlog\app\__init__.py:51]
2019-06-18 16:28:20,707 INFO: SeriousBlog started [in E:\MyFolder\MyProjects\SeriousBlog\app\__init__.py:51]
2019-06-18 16:31:06,228 INFO: SeriousBlog started [in E:\MyFolder\MyProjects\SeriousBlog\app\__init__.py:51]
2019-06-18 16:31:38,450 INFO: SeriousBlog started [in E:\MyFolder\MyProjects\SeriousBlog\app\__init__.py:51]
2019-06-18 16:41:48,857 INFO: SeriousBlog started [in E:\MyFolder\MyProjects\SeriousBlog\app\__init__.py:51]
2019-06-18 16:42:39,942 INFO: SeriousBlog started [in E:\MyFolder\MyProjects\SeriousBlog\app\__init__.py:51]
2019-06-18 16:54:32,085 INFO: SeriousBlog started [in E:\MyFolder\MyProjects\SeriousBlog\app\__init__.py:51]
2019-06-18 17:04:50,359 INFO: SeriousBlog started [in E:\MyFolder\MyProjects\SeriousBlog\app\__init__.py:51]
2019-06-18 17:05:25,316 INFO: SeriousBlog started [in E:\MyFolder\MyProjects\SeriousBlog\app\__init__.py:51]
2019-06-18 17:05:26,588 INFO: SeriousBlog started [in E:\MyFolder\MyProjects\SeriousBlog\app\__init__.py:51]
2019-06-18 17:09:49,436 INFO: SeriousBlog started [in E:\MyFolder\MyProjects\SeriousBlog\app\__init__.py:51]
2019-06-18 17:23:09,544 INFO: SeriousBlog started [in E:\MyFolder\MyProjects\SeriousBlog\app\__init__.py:51]
2019-06-18 23:47:50,319 INFO: SeriousBlog started [in E:\MyFolder\MyProjects\SeriousBlog - playground\app\__init__.py:68]
2019-06-18 23:47:51,363 INFO: SeriousBlog started [in E:\MyFolder\MyProjects\SeriousBlog - playground\app\__init__.py:68]
2019-06-19 22:20:35,541 INFO: SeriousBlog started [in E:\MyFolder\MyProjects\SeriousBlog - playground\app\__init__.py:68]
2019-06-19 22:20:36,574 INFO: SeriousBlog started [in E:\MyFolder\MyProjects\SeriousBlog - playground\app\__init__.py:68]
2019-06-19 22:22:14,972 INFO: SeriousBlog started [in E:\MyFolder\MyProjects\SeriousBlog - playground\app\__init__.py:68]
2019-06-19 22:25:07,130 INFO: SeriousBlog started [in E:\MyFolder\MyProjects\SeriousBlog - playground\app\__init__.py:68]
2019-06-19 22:25:55,502 INFO: SeriousBlog started [in E:\MyFolder\MyProjects\SeriousBlog - playground\app\__init__.py:68]
2019-06-19 22:27:54,051 INFO: SeriousBlog started [in E:\MyFolder\MyProjects\SeriousBlog - playground\app\__init__.py:68]
2019-06-19 22:28:07,587 INFO: SeriousBlog started [in E:\MyFolder\MyProjects\SeriousBlog - playground\app\__init__.py:68]
2019-06-19 22:28:17,552 INFO: SeriousBlog started [in E:\MyFolder\MyProjects\SeriousBlog - playground\app\__init__.py:68]
2019-06-20 12:03:57,758 INFO: SeriousBlog started [in E:\MyFolder\MyProjects\SeriousBlog\app\__init__.py:68]
2019-06-20 12:04:11,293 INFO: SeriousBlog started [in E:\MyFolder\MyProjects\SeriousBlog\app\__init__.py:68]
2019-06-20 12:04:12,329 INFO: SeriousBlog started [in E:\MyFolder\MyProjects\SeriousBlog\app\__init__.py:68]
2019-06-20 12:06:10,608 INFO: SeriousBlog started [in E:\MyFolder\MyProjects\SeriousBlog\app\__init__.py:68]
2019-06-20 12:06:11,565 INFO: SeriousBlog started [in E:\MyFolder\MyProjects\SeriousBlog\app\__init__.py:68]
2019-06-20 12:07:00,047 INFO: SeriousBlog started [in E:\MyFolder\MyProjects\SeriousBlog\app\__init__.py:68]
2019-06-21 19:40:27,846 INFO: SeriousBlog started [in E:\MyFolder\MyProjects\SeriousBlog\app\__init__.py:76]
2019-06-21 19:40:29,189 INFO: SeriousBlog started [in E:\MyFolder\MyProjects\SeriousBlog\app\__init__.py:76]
2019-06-21 19:56:14,975 INFO: SeriousBlog started [in E:\MyFolder\MyProjects\SeriousBlog\app\__init__.py:76]
2019-06-21 19:56:15,924 INFO: SeriousBlog started [in E:\MyFolder\MyProjects\SeriousBlog\app\__init__.py:76]
2019-06-21 19:58:04,204 INFO: SeriousBlog started [in E:\MyFolder\MyProjects\SeriousBlog\app\__init__.py:76]
2019-06-21 20:05:31,774 INFO: SeriousBlog started [in E:\MyFolder\MyProjects\SeriousBlog\app\__init__.py:76]
2019-06-21 22:38:57,504 INFO: SeriousBlog started [in E:\MyFolder\MyProjects\SeriousBlog\app\__init__.py:76]
2019-06-21 22:38:58,556 INFO: SeriousBlog started [in E:\MyFolder\MyProjects\SeriousBlog\app\__init__.py:76]
2019-06-22 15:49:06,288 INFO: SeriousBlog started [in E:\MyFolder\MyProjects\SeriousBlog\app\__init__.py:76]
2019-06-22 15:49:37,628 INFO: SeriousBlog started [in E:\MyFolder\MyProjects\SeriousBlog\app\__init__.py:76]
2019-06-23 01:35:38,978 INFO: SeriousBlog started [in E:\MyFolder\MyProjects\SeriousBlog\app\__init__.py:76]
2019-06-23 01:35:40,230 INFO: SeriousBlog started [in E:\MyFolder\MyProjects\SeriousBlog\app\__init__.py:76]
2019-06-23 02:21:28,975 INFO: SeriousBlog started [in E:\MyFolder\MyProjects\SeriousBlog\app\__init__.py:76]
2019-06-23 02:24:21,845 INFO: SeriousBlog started [in E:\MyFolder\MyProjects\SeriousBlog\app\__init__.py:76]
2019-06-23 14:59:57,061 INFO: SeriousBlog started [in E:\MyFolder\MyProjects\SeriousBlog\app\__init__.py:76]
2019-06-23 14:59:59,709 INFO: SeriousBlog started [in E:\MyFolder\MyProjects\SeriousBlog\app\__init__.py:76]
2019-06-23 15:05:48,963 INFO: SeriousBlog started [in E:\MyFolder\MyProjects\SeriousBlog\app\__init__.py:76]
2019-06-23 15:05:51,293 INFO: SeriousBlog started [in E:\MyFolder\MyProjects\SeriousBlog\app\__init__.py:76]
2019-06-23 15:06:53,046 INFO: SeriousBlog started [in E:\MyFolder\MyProjects\SeriousBlog\app\__init__.py:76]
2019-06-23 15:06:54,208 INFO: SeriousBlog started [in E:\MyFolder\MyProjects\SeriousBlog\app\__init__.py:76]
2019-06-23 15:08:12,270 INFO: SeriousBlog started [in E:\MyFolder\MyProjects\SeriousBlog\app\__init__.py:76]
2019-06-23 15:08:25,061 INFO: SeriousBlog started [in E:\MyFolder\MyProjects\SeriousBlog\app\__init__.py:76]
2019-06-23 15:08:26,035 INFO: SeriousBlog started [in E:\MyFolder\MyProjects\SeriousBlog\app\__init__.py:76]
2019-06-23 19:14:29,703 INFO: SeriousBlog started [in E:\MyFolder\MyProjects\SeriousBlog\app\__init__.py:76]
2019-06-23 20:13:08,254 INFO: SeriousBlog started [in E:\MyFolder\MyProjects\SeriousBlog\app\__init__.py:76]
2019-06-23 20:50:22,151 INFO: SeriousBlog started [in E:\MyFolder\MyProjects\SeriousBlog\app\__init__.py:76]
2019-06-23 20:50:23,340 INFO: SeriousBlog started [in E:\MyFolder\MyProjects\SeriousBlog\app\__init__.py:76]
2019-06-23 21:18:21,792 INFO: SeriousBlog started [in E:\MyFolder\MyProjects\SeriousBlog\app\__init__.py:76]
2019-06-23 21:32:48,044 INFO: SeriousBlog started [in E:\MyFolder\MyProjects\SeriousBlog\app\__init__.py:76]
2019-06-23 21:42:58,054 INFO: SeriousBlog started [in E:\MyFolder\MyProjects\SeriousBlog\app\__init__.py:76]
2019-06-23 21:47:24,632 INFO: SeriousBlog started [in E:\MyFolder\MyProjects\SeriousBlog\app\__init__.py:76]
2019-06-23 21:51:56,887 INFO: SeriousBlog started [in E:\MyFolder\MyProjects\SeriousBlog\app\__init__.py:76]
2019-06-23 21:52:22,110 INFO: SeriousBlog started [in E:\MyFolder\MyProjects\SeriousBlog\app\__init__.py:76]
2019-06-23 21:54:56,353 INFO: SeriousBlog started [in E:\MyFolder\MyProjects\SeriousBlog\app\__init__.py:76]
2019-06-23 21:55:39,161 INFO: SeriousBlog started [in E:\MyFolder\MyProjects\SeriousBlog\app\__init__.py:76]
2019-06-23 21:58:03,316 INFO: SeriousBlog started [in E:\MyFolder\MyProjects\SeriousBlog\app\__init__.py:76]
2019-06-25 23:42:14,652 INFO: SeriousBlog started [in E:\MyFolder\MyProjects\SeriousBlog\app\__init__.py:76]
2019-06-25 23:42:16,021 INFO: SeriousBlog started [in E:\MyFolder\MyProjects\SeriousBlog\app\__init__.py:76]
2019-06-25 23:48:18,664 INFO: SeriousBlog started [in E:\MyFolder\MyProjects\SeriousBlog\app\__init__.py:76]
2019-06-25 23:48:47,904 INFO: SeriousBlog started [in E:\MyFolder\MyProjects\SeriousBlog\app\__init__.py:76]
2019-06-25 23:56:24,576 INFO: SeriousBlog started [in E:\MyFolder\MyProjects\SeriousBlog\app\__init__.py:76]
2019-06-25 23:56:25,704 INFO: SeriousBlog started [in E:\MyFolder\MyProjects\SeriousBlog\app\__init__.py:76]
2019-06-26 21:12:50,361 INFO: SeriousBlog started [in E:\MyFolder\MyProjects\SeriousBlog\app\__init__.py:76]
2019-06-26 21:12:51,802 INFO: SeriousBlog started [in E:\MyFolder\MyProjects\SeriousBlog\app\__init__.py:76]
2019-06-26 21:29:51,407 INFO: SeriousBlog started [in E:\MyFolder\MyProjects\SeriousBlog\app\__init__.py:76]
2019-06-26 21:30:36,236 INFO: SeriousBlog started [in E:\MyFolder\MyProjects\SeriousBlog\app\__init__.py:76]
2019-06-27 18:37:41,914 INFO: SeriousBlog started [in E:\MyFolder\MyProjects\SeriousBlog\app\__init__.py:76]
2019-06-27 18:37:43,169 INFO: SeriousBlog started [in E:\MyFolder\MyProjects\SeriousBlog\app\__init__.py:76]
2019-06-27 19:57:43,328 INFO: SeriousBlog started [in E:\MyFolder\MyProjects\SeriousBlog\app\__init__.py:76]
2019-06-27 19:59:31,648 INFO: SeriousBlog started [in E:\MyFolder\MyProjects\SeriousBlog\app\__init__.py:76]
2019-06-27 20:00:50,539 INFO: SeriousBlog started [in E:\MyFolder\MyProjects\SeriousBlog\app\__init__.py:76]
2019-06-27 20:05:38,916 INFO: SeriousBlog started [in E:\MyFolder\MyProjects\SeriousBlog\app\__init__.py:76]
2019-06-27 20:15:20,932 INFO: SeriousBlog started [in E:\MyFolder\MyProjects\SeriousBlog\app\__init__.py:76]
2019-06-27 22:03:23,727 INFO: SeriousBlog started [in E:\MyFolder\MyProjects\SeriousBlog\app\__init__.py:76]
2019-06-28 00:06:56,365 INFO: SeriousBlog started [in E:\MyFolder\MyProjects\SeriousBlog\app\__init__.py:76]
2019-06-30 20:19:57,098 INFO: SeriousBlog started [in E:\MyFolder\MyProjects\SeriousBlog\app\__init__.py:76]
2019-06-30 20:19:58,268 INFO: SeriousBlog started [in E:\MyFolder\MyProjects\SeriousBlog\app\__init__.py:76]
2019-07-18 22:06:10,208 INFO: SeriousBlog started [in E:\MyFolder\MyProjects\SeriousBlog\app\__init__.py:76]
2019-07-18 22:06:11,556 INFO: SeriousBlog started [in E:\MyFolder\MyProjects\SeriousBlog\app\__init__.py:76]
2019-07-18 22:06:51,830 INFO: SeriousBlog started [in E:\MyFolder\MyProjects\SeriousBlog\app\__init__.py:76]
2019-07-18 22:06:52,897 INFO: SeriousBlog started [in E:\MyFolder\MyProjects\SeriousBlog\app\__init__.py:76]
2019-07-19 22:20:47,612 INFO: SeriousBlog started [in E:\MyFolder\MyProjects\SeriousBlog\app\__init__.py:81]
2019-07-19 22:25:36,497 INFO: SeriousBlog started [in E:\MyFolder\MyProjects\SeriousBlog\app\__init__.py:81]
2019-07-19 22:26:31,134 INFO: SeriousBlog started [in E:\MyFolder\MyProjects\SeriousBlog\app\__init__.py:81]
2019-07-21 16:24:11,291 INFO: SeriousBlog started [in E:\MyFolder\MyProjects\SeriousBlog\app\__init__.py:81]
2019-07-21 16:24:12,488 INFO: SeriousBlog started [in E:\MyFolder\MyProjects\SeriousBlog\app\__init__.py:81]
2019-07-21 16:57:27,107 INFO: SeriousBlog started [in E:\MyFolder\MyProjects\SeriousBlog\app\__init__.py:81]
2019-07-21 16:57:28,165 INFO: SeriousBlog started [in E:\MyFolder\MyProjects\SeriousBlog\app\__init__.py:81]
2019-07-21 17:02:39,986 INFO: SeriousBlog started [in E:\MyFolder\MyProjects\SeriousBlog\app\__init__.py:81]
2019-07-21 17:02:40,951 INFO: SeriousBlog started [in E:\MyFolder\MyProjects\SeriousBlog\app\__init__.py:81]
2019-07-21 17:16:11,218 INFO: SeriousBlog started [in E:\MyFolder\MyProjects\SeriousBlog\app\__init__.py:81]
2019-07-21 17:16:12,131 INFO: SeriousBlog started [in E:\MyFolder\MyProjects\SeriousBlog\app\__init__.py:81]
2019-07-21 17:16:25,728 INFO: SeriousBlog started [in E:\MyFolder\MyProjects\SeriousBlog\app\__init__.py:81]
2019-07-21 17:16:26,609 INFO: SeriousBlog started [in E:\MyFolder\MyProjects\SeriousBlog\app\__init__.py:81]
2019-07-21 20:01:46,996 INFO: SeriousBlog started [in E:\MyFolder\MyProjects\SeriousBlog\app\__init__.py:81]
2019-07-21 20:01:48,029 INFO: SeriousBlog started [in E:\MyFolder\MyProjects\SeriousBlog\app\__init__.py:81]
2019-07-21 20:27:35,146 INFO: SeriousBlog started [in E:\MyFolder\MyProjects\SeriousBlog\app\__init__.py:81]
2019-07-21 20:27:36,357 INFO: SeriousBlog started [in E:\MyFolder\MyProjects\SeriousBlog\app\__init__.py:81]
2019-07-21 20:28:23,961 INFO: SeriousBlog started [in E:\MyFolder\MyProjects\SeriousBlog\app\__init__.py:81]
2019-07-21 20:28:24,937 INFO: SeriousBlog started [in E:\MyFolder\MyProjects\SeriousBlog\app\__init__.py:81]
2019-07-21 20:30:37,763 INFO: SeriousBlog started [in E:\MyFolder\MyProjects\SeriousBlog\app\__init__.py:81]
2019-07-21 20:30:39,090 INFO: SeriousBlog started [in E:\MyFolder\MyProjects\SeriousBlog\app\__init__.py:81]
2019-07-21 20:35:03,126 INFO: SeriousBlog started [in E:\MyFolder\MyProjects\SeriousBlog\app\__init__.py:81]
2019-07-21 20:35:04,177 INFO: SeriousBlog started [in E:\MyFolder\MyProjects\SeriousBlog\app\__init__.py:81]
2019-07-21 21:56:52,044 INFO: SeriousBlog started [in E:\MyFolder\MyProjects\SeriousBlog\app\__init__.py:81]
2019-07-21 21:56:52,982 INFO: SeriousBlog started [in E:\MyFolder\MyProjects\SeriousBlog\app\__init__.py:81]
2019-07-21 23:05:59,255 INFO: SeriousBlog started [in E:\MyFolder\MyProjects\SeriousBlog\app\__init__.py:81]
2019-07-21 23:06:00,296 INFO: SeriousBlog started [in E:\MyFolder\MyProjects\SeriousBlog\app\__init__.py:81]
2019-07-21 23:08:32,887 INFO: SeriousBlog started [in E:\MyFolder\MyProjects\SeriousBlog\app\__init__.py:81]
2019-07-21 23:08:34,068 INFO: SeriousBlog started [in E:\MyFolder\MyProjects\SeriousBlog\app\__init__.py:81]
2019-07-21 23:25:28,976 INFO: SeriousBlog started [in E:\MyFolder\MyProjects\SeriousBlog\app\__init__.py:81]
2019-07-21 23:25:30,777 INFO: SeriousBlog started [in E:\MyFolder\MyProjects\SeriousBlog\app\__init__.py:81]
2019-07-22 15:50:44,603 INFO: SeriousBlog started [in E:\MyFolder\MyProjects\SeriousBlog\app\__init__.py:81]
2019-07-22 15:50:45,620 INFO: SeriousBlog started [in E:\MyFolder\MyProjects\SeriousBlog\app\__init__.py:81]
2019-07-22 15:51:47,703 INFO: SeriousBlog started [in E:\MyFolder\MyProjects\SeriousBlog\app\__init__.py:81]
2019-07-22 15:51:48,777 INFO: SeriousBlog started [in E:\MyFolder\MyProjects\SeriousBlog\app\__init__.py:81]
2019-07-22 15:52:01,968 INFO: SeriousBlog started [in E:\MyFolder\MyProjects\SeriousBlog\app\__init__.py:81]
2019-07-22 15:52:02,938 INFO: SeriousBlog started [in E:\MyFolder\MyProjects\SeriousBlog\app\__init__.py:81]
2019-07-22 15:52:29,691 INFO: SeriousBlog started [in E:\MyFolder\MyProjects\SeriousBlog\app\__init__.py:81]
2019-07-22 15:52:30,705 INFO: SeriousBlog started [in E:\MyFolder\MyProjects\SeriousBlog\app\__init__.py:81]
2019-07-22 15:53:02,075 INFO: SeriousBlog started [in E:\MyFolder\MyProjects\SeriousBlog\app\__init__.py:81]
2019-07-22 15:53:03,085 INFO: SeriousBlog started [in E:\MyFolder\MyProjects\SeriousBlog\app\__init__.py:81]
2019-07-22 15:53:17,462 INFO: SeriousBlog started [in E:\MyFolder\MyProjects\SeriousBlog\app\__init__.py:81]
2019-07-22 15:53:18,416 INFO: SeriousBlog started [in E:\MyFolder\MyProjects\SeriousBlog\app\__init__.py:81]
2019-07-22 15:53:41,950 INFO: SeriousBlog started [in E:\MyFolder\MyProjects\SeriousBlog\app\__init__.py:81]
2019-07-22 15:53:42,891 INFO: SeriousBlog started [in E:\MyFolder\MyProjects\SeriousBlog\app\__init__.py:81]
2019-07-22 16:11:35,225 INFO: SeriousBlog started [in E:\MyFolder\MyProjects\SeriousBlog\app\__init__.py:87]
2019-07-22 16:11:36,174 INFO: SeriousBlog started [in E:\MyFolder\MyProjects\SeriousBlog\app\__init__.py:87]
2019-07-22 16:13:25,911 INFO: SeriousBlog started [in E:\MyFolder\MyProjects\SeriousBlog\app\__init__.py:87]
2019-07-22 16:13:26,873 INFO: SeriousBlog started [in E:\MyFolder\MyProjects\SeriousBlog\app\__init__.py:87]
2019-07-22 16:15:37,466 INFO: SeriousBlog started [in E:\MyFolder\MyProjects\SeriousBlog\app\__init__.py:87]
2019-07-22 16:15:38,488 INFO: SeriousBlog started [in E:\MyFolder\MyProjects\SeriousBlog\app\__init__.py:87]
2019-07-22 16:17:53,733 INFO: SeriousBlog started [in E:\MyFolder\MyProjects\SeriousBlog\app\__init__.py:87]
2019-07-22 16:17:54,744 INFO: SeriousBlog started [in E:\MyFolder\MyProjects\SeriousBlog\app\__init__.py:87]
2019-07-22 16:38:48,788 INFO: SeriousBlog started [in E:\MyFolder\MyProjects\SeriousBlog\app\__init__.py:87]
2019-07-22 16:38:49,783 INFO: SeriousBlog started [in E:\MyFolder\MyProjects\SeriousBlog\app\__init__.py:87]
2019-07-22 16:39:19,727 INFO: SeriousBlog started [in E:\MyFolder\MyProjects\SeriousBlog\app\__init__.py:87]
2019-07-22 16:39:20,924 INFO: SeriousBlog started [in E:\MyFolder\MyProjects\SeriousBlog\app\__init__.py:87]
2019-07-22 16:40:01,093 INFO: SeriousBlog started [in E:\MyFolder\MyProjects\SeriousBlog\app\__init__.py:87]
2019-07-22 16:40:02,140 INFO: SeriousBlog started [in E:\MyFolder\MyProjects\SeriousBlog\app\__init__.py:87]
2019-07-22 18:46:31,353 INFO: SeriousBlog started [in E:\MyFolder\MyProjects\SeriousBlog\app\__init__.py:87]
2019-07-22 18:46:32,536 INFO: SeriousBlog started [in E:\MyFolder\MyProjects\SeriousBlog\app\__init__.py:87]
2019-07-22 19:02:40,936 INFO: SeriousBlog started [in E:\MyFolder\MyProjects\SeriousBlog\app\__init__.py:87]
2019-07-22 19:02:41,921 INFO: SeriousBlog started [in E:\MyFolder\MyProjects\SeriousBlog\app\__init__.py:87]
2019-07-22 21:16:57,931 INFO: SeriousBlog started [in E:\MyFolder\MyProjects\SeriousBlog\app\__init__.py:87]
2019-07-22 21:16:58,964 INFO: SeriousBlog started [in E:\MyFolder\MyProjects\SeriousBlog\app\__init__.py:87]
2019-07-22 21:18:19,831 INFO: SeriousBlog started [in E:\MyFolder\MyProjects\SeriousBlog\app\__init__.py:87]
2019-07-22 21:18:20,790 INFO: SeriousBlog started [in E:\MyFolder\MyProjects\SeriousBlog\app\__init__.py:87]
2019-07-22 21:27:24,384 INFO: SeriousBlog started [in E:\MyFolder\MyProjects\SeriousBlog\app\__init__.py:87]
2019-07-22 21:27:25,421 INFO: SeriousBlog started [in E:\MyFolder\MyProjects\SeriousBlog\app\__init__.py:87]
2019-07-22 21:34:21,984 INFO: SeriousBlog started [in E:\MyFolder\MyProjects\SeriousBlog\app\__init__.py:87]
2019-07-22 21:34:23,164 INFO: SeriousBlog started [in E:\MyFolder\MyProjects\SeriousBlog\app\__init__.py:87]
2019-07-22 21:39:49,502 INFO: SeriousBlog started [in E:\MyFolder\MyProjects\SeriousBlog\app\__init__.py:87]
2019-07-22 21:39:50,462 INFO: SeriousBlog started [in E:\MyFolder\MyProjects\SeriousBlog\app\__init__.py:87]
2019-07-22 21:51:50,270 INFO: SeriousBlog started [in E:\MyFolder\MyProjects\SeriousBlog\app\__init__.py:87]
2019-07-22 21:51:51,230 INFO: SeriousBlog started [in E:\MyFolder\MyProjects\SeriousBlog\app\__init__.py:87]
2019-07-22 21:53:14,168 INFO: SeriousBlog started [in E:\MyFolder\MyProjects\SeriousBlog\app\__init__.py:87]
2019-07-22 21:53:15,151 INFO: SeriousBlog started [in E:\MyFolder\MyProjects\SeriousBlog\app\__init__.py:87]
2019-07-22 22:12:50,934 INFO: SeriousBlog started [in E:\MyFolder\MyProjects\SeriousBlog\app\__init__.py:87]
2019-07-22 22:12:51,904 INFO: SeriousBlog started [in E:\MyFolder\MyProjects\SeriousBlog\app\__init__.py:87]
2019-07-22 22:19:14,503 INFO: SeriousBlog started [in E:\MyFolder\MyProjects\SeriousBlog\app\__init__.py:87]
2019-07-22 22:19:15,497 INFO: SeriousBlog started [in E:\MyFolder\MyProjects\SeriousBlog\app\__init__.py:87]
2019-08-04 20:41:08,379 INFO: SeriousBlog started [in E:\MyFolder\MyProjects\SeriousBlog\app\__init__.py:87]
2019-08-04 20:41:09,688 INFO: SeriousBlog started [in E:\MyFolder\MyProjects\SeriousBlog\app\__init__.py:87]
2019-08-04 20:42:03,177 INFO: SeriousBlog started [in E:\MyFolder\MyProjects\SeriousBlog\app\__init__.py:87]
2019-08-04 20:44:40,198 INFO: SeriousBlog started [in E:\MyFolder\MyProjects\SeriousBlog\app\__init__.py:87]
2019-08-05 12:30:48,903 INFO: SeriousBlog started [in E:\MyFolder\MyProjects\SeriousBlog\app\__init__.py:87]
2019-08-05 12:31:15,708 INFO: SeriousBlog started [in E:\MyFolder\MyProjects\SeriousBlog\app\__init__.py:87]
2019-08-05 16:26:17,850 INFO: SeriousBlog started [in E:\MyFolder\MyProjects\SeriousBlog\app\__init__.py:87]
2019-08-05 16:37:13,144 INFO: SeriousBlog started [in E:\MyFolder\MyProjects\SeriousBlog\app\__init__.py:87]
2019-08-05 16:37:14,437 INFO: SeriousBlog started [in E:\MyFolder\MyProjects\SeriousBlog\app\__init__.py:87]
2019-08-05 17:52:17,960 INFO: SeriousBlog started [in E:\MyFolder\MyProjects\SeriousBlog\app\__init__.py:92]
2019-08-05 17:52:19,284 INFO: SeriousBlog started [in E:\MyFolder\MyProjects\SeriousBlog\app\__init__.py:92]
2019-08-05 18:03:06,840 INFO: SeriousBlog started [in E:\MyFolder\MyProjects\SeriousBlog\app\__init__.py:92]
2019-08-05 18:03:08,119 INFO: SeriousBlog started [in E:\MyFolder\MyProjects\SeriousBlog\app\__init__.py:92]
2019-08-05 20:32:43,797 INFO: SeriousBlog started [in E:\MyFolder\MyProjects\SeriousBlog\app\__init__.py:94]
2019-08-05 20:32:45,240 INFO: SeriousBlog started [in E:\MyFolder\MyProjects\SeriousBlog\app\__init__.py:94]
2019-08-05 20:33:30,110 INFO: SeriousBlog started [in E:\MyFolder\MyProjects\SeriousBlog\app\__init__.py:95]
2019-08-05 20:33:31,394 INFO: SeriousBlog started [in E:\MyFolder\MyProjects\SeriousBlog\app\__init__.py:95]
2019-08-05 20:35:14,354 INFO: SeriousBlog started [in E:\MyFolder\MyProjects\SeriousBlog\app\__init__.py:94]
2019-08-05 20:46:41,352 INFO: SeriousBlog started [in E:\MyFolder\MyProjects\SeriousBlog\app\__init__.py:94]
2019-08-05 20:46:42,665 INFO: SeriousBlog started [in E:\MyFolder\MyProjects\SeriousBlog\app\__init__.py:94]
2019-08-05 20:51:06,953 INFO: SeriousBlog started [in E:\MyFolder\MyProjects\SeriousBlog\app\__init__.py:94]
2019-08-05 20:51:08,269 INFO: SeriousBlog started [in E:\MyFolder\MyProjects\SeriousBlog\app\__init__.py:94]
